[roslaunch][INFO] 2020-10-13 20:57:40,791: Checking log directory for disk usage. This may take a while.
Press Ctrl-C to interrupt
[roslaunch][INFO] 2020-10-13 20:57:40,793: Done checking log file disk usage. Usage is <1GB.
[roslaunch][INFO] 2020-10-13 20:57:40,793: roslaunch starting with args ['roscore', '--core']
[roslaunch][INFO] 2020-10-13 20:57:40,793: roslaunch env is environ({'ROS_VERSION': '1', 'GAZEBO_MASTER_URI': 'http://localhost:11345', 'PKG_CONFIG_PATH': '/home/rg/neuro_car_catkin/devel/lib/pkgconfig:/opt/ros/noetic/lib/pkgconfig', 'ROS_PYTHON_VERSION': '3', 'HOSTNAME': '51cdf089c753', 'ROS_PACKAGE_PATH': '/home/rg/neuro_car_catkin/src:/opt/ros/noetic/share', 'ROSLISP_PACKAGE_DIRECTORIES': '/home/rg/neuro_car_catkin/devel/share/common-lisp', 'PWD': '/home/rg/neuro_car_catkin', 'HOME': '/root', 'GAZEBO_PLUGIN_PATH': '/usr/lib/x86_64-linux-gnu/gazebo-11/plugins:', 'LANG': 'C.UTF-8', 'GAZEBO_MODEL_DATABASE_URI': 'http://models.gazebosim.org', 'ROS_ETC_DIR': '/opt/ros/noetic/etc/ros', 'CMAKE_PREFIX_PATH': '/home/rg/neuro_car_catkin/devel:/opt/ros/noetic', 'GAZEBO_RESOURCE_PATH': '/usr/share/gazebo-11:', 'PYTHONPATH': '/opt/ros/noetic/lib/python3/dist-packages', 'TERM': 'xterm', 'SHLVL': '0', 'ROS_MASTER_URI': 'http://localhost:11311', 'LD_LIBRARY_PATH': '/home/rg/neuro_car_catkin/devel/lib:/opt/ros/noetic/lib:/usr/lib/x86_64-linux-gnu/gazebo-11/plugins', 'LC_ALL': 'C.UTF-8', 'GAZEBO_MODEL_PATH': '/usr/share/gazebo-11/models:', 'PATH': '/opt/ros/noetic/bin:/usr/local/sbin:/usr/local/bin:/usr/sbin:/usr/bin:/sbin:/bin', 'ROS_ROOT': '/opt/ros/noetic/share/ros', 'ROS_DISTRO': 'noetic', 'OGRE_RESOURCE_PATH': '/usr/lib/x86_64-linux-gnu/OGRE-1.9.0', '_': '/opt/ros/noetic/bin/roscore', 'ROS_LOG_FILENAME': '/root/.ros/log/bb8bc65c-0d96-11eb-b9a8-0242ac110002/roslaunch-51cdf089c753-35.log'})
[roslaunch][INFO] 2020-10-13 20:57:40,793: starting in server mode
[roslaunch.parent][INFO] 2020-10-13 20:57:40,793: starting roslaunch parent run
[roslaunch][INFO] 2020-10-13 20:57:40,794: loading roscore config file /opt/ros/noetic/etc/ros/roscore.xml
[roslaunch][INFO] 2020-10-13 20:57:41,075: Added core node of type [rosout/rosout] in namespace [/]
[roslaunch.pmon][INFO] 2020-10-13 20:57:41,076: start_process_monitor: creating ProcessMonitor
[roslaunch.pmon][INFO] 2020-10-13 20:57:41,076: created process monitor <ProcessMonitor(ProcessMonitor-1, initial daemon)>
[roslaunch.pmon][INFO] 2020-10-13 20:57:41,076: start_process_monitor: ProcessMonitor started
[roslaunch.parent][INFO] 2020-10-13 20:57:41,076: starting parent XML-RPC server
[roslaunch.server][INFO] 2020-10-13 20:57:41,076: starting roslaunch XML-RPC server
[roslaunch.server][INFO] 2020-10-13 20:57:41,076: waiting for roslaunch XML-RPC server to initialize
[xmlrpc][INFO] 2020-10-13 20:57:41,076: XML-RPC server binding to 0.0.0.0:0
[xmlrpc][INFO] 2020-10-13 20:57:41,077: Started XML-RPC server [http://51cdf089c753:41185/]
[xmlrpc][INFO] 2020-10-13 20:57:41,077: xml rpc node: starting XML-RPC server
[roslaunch][INFO] 2020-10-13 20:57:41,088: started roslaunch server http://51cdf089c753:41185/
[roslaunch.parent][INFO] 2020-10-13 20:57:41,088: ... parent XML-RPC server started
[roslaunch][INFO] 2020-10-13 20:57:41,088: master.is_running[http://51cdf089c753:11311/]
[roslaunch][INFO] 2020-10-13 20:57:41,089: auto-starting new master
[roslaunch][INFO] 2020-10-13 20:57:41,089: create_master_process: rosmaster, /opt/ros/noetic/share/ros, 11311, 3, None, False
[roslaunch][INFO] 2020-10-13 20:57:41,089: process[master]: launching with args [['rosmaster', '--core', '-p', '11311', '-w', '3']]
[roslaunch.pmon][INFO] 2020-10-13 20:57:41,089: ProcessMonitor.register[master]
[roslaunch.pmon][INFO] 2020-10-13 20:57:41,089: ProcessMonitor.register[master] complete
[roslaunch][INFO] 2020-10-13 20:57:41,089: process[master]: starting os process
[roslaunch][INFO] 2020-10-13 20:57:41,089: process[master]: start w/ args [['rosmaster', '--core', '-p', '11311', '-w', '3', '__log:=/root/.ros/log/bb8bc65c-0d96-11eb-b9a8-0242ac110002/master.log']]
[roslaunch][INFO] 2020-10-13 20:57:41,089: process[master]: cwd will be [/root/.ros]
[roslaunch][INFO] 2020-10-13 20:57:41,092: process[master]: started with pid [71]
[roslaunch][INFO] 2020-10-13 20:57:41,092: master.is_running[http://51cdf089c753:11311/]
[roslaunch][INFO] 2020-10-13 20:57:41,193: master.is_running[http://51cdf089c753:11311/]
