[rosmaster.main][INFO] 2020-10-13 20:17:01,232: initialization complete, waiting for shutdown
[rosmaster.main][INFO] 2020-10-13 20:17:01,232: Starting ROS Master Node
[xmlrpc][INFO] 2020-10-13 20:17:01,233: XML-RPC server binding to 0.0.0.0:11311
[xmlrpc][INFO] 2020-10-13 20:17:01,233: Started XML-RPC server [http://0a07d089f874:11311/]
[xmlrpc][INFO] 2020-10-13 20:17:01,233: xml rpc node: starting XML-RPC server
[rosmaster.master][INFO] 2020-10-13 20:17:01,234: Master initialized: port[11311], uri[http://0a07d089f874:11311/]
[rosmaster.master][INFO] 2020-10-13 20:17:01,306: +PARAM [/run_id] by /roslaunch
[rosmaster.master][INFO] 2020-10-13 20:17:01,309: +PARAM [/roslaunch/uris/host_0a07d089f874__35973] by /roslaunch
[rosmaster.master][INFO] 2020-10-13 20:17:01,355: +PARAM [/rosversion] by /roslaunch
[rosmaster.master][INFO] 2020-10-13 20:17:01,355: +PARAM [/rosdistro] by /roslaunch
[rosmaster.master][INFO] 2020-10-13 20:17:01,363: +SERVICE [/rosout/get_loggers] /rosout http://0a07d089f874:38219/
[rosmaster.master][INFO] 2020-10-13 20:17:01,364: +SERVICE [/rosout/set_logger_level] /rosout http://0a07d089f874:38219/
[rosmaster.master][INFO] 2020-10-13 20:17:01,365: +PUB [/rosout_agg] /rosout http://0a07d089f874:38219/
[rosmaster.master][INFO] 2020-10-13 20:17:01,367: +SUB [/rosout] /rosout http://0a07d089f874:38219/
[rosmaster.master][INFO] 2020-10-13 20:17:01,503: +PUB [/chatter] /test http://0a07d089f874:42423/
[rosmaster.master][INFO] 2020-10-13 20:17:01,604: +PUB [/rosout] /test http://0a07d089f874:42423/
[rosmaster.master][INFO] 2020-10-13 20:17:01,611: +SERVICE [/test/get_loggers] /test http://0a07d089f874:42423/
[rosmaster.master][INFO] 2020-10-13 20:17:01,614: +SERVICE [/test/set_logger_level] /test http://0a07d089f874:42423/
[rosmaster.master][INFO] 2020-10-13 20:17:01,634: publisherUpdate[/rosout] -> http://0a07d089f874:38219/ ['http://0a07d089f874:42423/']
[rosmaster.master][INFO] 2020-10-13 20:17:01,666: publisherUpdate[/rosout] -> http://0a07d089f874:38219/ ['http://0a07d089f874:42423/']: sec=0.03, result=[1, '', 0]
[rosmaster.master][INFO] 2020-10-13 20:17:12,642: -PUB [/chatter] /test http://0a07d089f874:42423/
[rosmaster.master][INFO] 2020-10-13 20:17:12,643: -PUB [/rosout] /test http://0a07d089f874:42423/
[rosmaster.master][INFO] 2020-10-13 20:17:12,643: -SERVICE [/test/get_loggers] /test rosrpc://0a07d089f874:42731
[rosmaster.master][INFO] 2020-10-13 20:17:12,644: -SERVICE [/test/set_logger_level] /test rosrpc://0a07d089f874:42731
[rosmaster.master][INFO] 2020-10-13 20:17:12,668: publisherUpdate[/rosout] -> http://0a07d089f874:38219/ []
[rosmaster.master][INFO] 2020-10-13 20:17:12,720: publisherUpdate[/rosout] -> http://0a07d089f874:38219/ []: sec=0.05, result=[1, '', 0]
[rosmaster.master][INFO] 2020-10-13 20:17:13,422: -PUB [/rosout_agg] /rosout http://0a07d089f874:38219/
[rosmaster.master][INFO] 2020-10-13 20:17:13,422: -SUB [/rosout] /rosout http://0a07d089f874:38219/
[rosmaster.master][INFO] 2020-10-13 20:17:13,422: -SERVICE [/rosout/get_loggers] /rosout rosrpc://0a07d089f874:57877
[rosmaster.master][INFO] 2020-10-13 20:17:13,423: -SERVICE [/rosout/set_logger_level] /rosout rosrpc://0a07d089f874:57877
[rosmaster.main][INFO] 2020-10-13 20:17:13,444: keyboard interrupt, will exit
[rosmaster.main][INFO] 2020-10-13 20:17:13,444: stopping master...
[rospy.core][INFO] 2020-10-13 20:17:13,445: signal_shutdown [atexit]
